[debug] [2022-05-30T22:56:02.882Z] ----------------------------------------------------------------------
[debug] [2022-05-30T22:56:02.885Z] Command:       C:\Program Files\nodejs\node.exe C:\Users\PC\AppData\Roaming\npm\node_modules\firebase-tools\lib\bin\firebase.js init
[debug] [2022-05-30T22:56:02.885Z] CLI Version:   11.0.1
[debug] [2022-05-30T22:56:02.886Z] Platform:      win32
[debug] [2022-05-30T22:56:02.886Z] Node Version:  v18.0.0
[debug] [2022-05-30T22:56:02.890Z] Time:          Mon May 30 2022 17:56:02 GMT-0500 (hora de verano central)
[debug] [2022-05-30T22:56:02.890Z] ----------------------------------------------------------------------
[debug] 
[debug] [2022-05-30T22:56:02.893Z] >>> [apiv2][query] GET https://firebase-public.firebaseio.com/cli.json [none]
[debug] [2022-05-30T22:56:02.985Z] > command requires scopes: ["email","openid","https://www.googleapis.com/auth/cloudplatformprojects.readonly","https://www.googleapis.com/auth/firebase","https://www.googleapis.com/auth/cloud-platform"]
[debug] [2022-05-30T22:56:02.986Z] > authorizing via signed-in user (debraye7@gmail.com)
[info] 
     ######## #### ########  ######## ########     ###     ######  ########
     ##        ##  ##     ## ##       ##     ##  ##   ##  ##       ##
     ######    ##  ########  ######   ########  #########  ######  ######
     ##        ##  ##    ##  ##       ##     ## ##     ##       ## ##
     ##       #### ##     ## ######## ########  ##     ##  ######  ########

You're about to initialize a Firebase project in this directory:

  F:\PC\GitHub\Debraye

[debug] [2022-05-30T22:56:03.390Z] <<< [apiv2][status] GET https://firebase-public.firebaseio.com/cli.json 200
[debug] [2022-05-30T22:56:03.390Z] <<< [apiv2][body] GET https://firebase-public.firebaseio.com/cli.json {"cloudBuildErrorAfter":1594252800000,"cloudBuildWarnAfter":1590019200000,"defaultNode10After":1594252800000,"minVersion":"3.0.5","node8DeploysDisabledAfter":1613390400000,"node8RuntimeDisabledAfter":1615809600000,"node8WarnAfter":1600128000000}
